  client.cpp
c:\users\curtis\documents\visual studio 2015\projects\cgraphicslibrary\cgraphicslibrary\Window.h(3): fatal error C1083: Cannot open include file: 'SDL\SDL.h': No such file or directory
  Clip.cpp
Clip.cpp(71): warning C4018: '<': signed/unsigned mismatch
Clip.cpp(126): warning C4018: '<': signed/unsigned mismatch
Clip.cpp(180): warning C4018: '<': signed/unsigned mismatch
  DynamicArray.cpp
  Lighting.cpp
Lighting.cpp(47): warning C4018: '<': signed/unsigned mismatch
Lighting.cpp(156): warning C4018: '<': signed/unsigned mismatch
Lighting.cpp(169): warning C4018: '<': signed/unsigned mismatch
Lighting.cpp(192): warning C4018: '<': signed/unsigned mismatch
Lighting.cpp(204): warning C4018: '<': signed/unsigned mismatch
Lighting.cpp(261): warning C4018: '<': signed/unsigned mismatch
  Line.cpp
c:\users\curtis\documents\visual studio 2015\projects\cgraphicslibrary\cgraphicslibrary\Window.h(3): fatal error C1083: Cannot open include file: 'SDL\SDL.h': No such file or directory
  main.cpp
main.cpp(1): fatal error C1083: Cannot open include file: 'SDL/SDL.h': No such file or directory
  Matrix.cpp
  ObjReader.cpp
ObjReader.cpp(14): warning C4018: '<': signed/unsigned mismatch
ObjReader.cpp(33): warning C4018: '<': signed/unsigned mismatch
ObjReader.cpp(38): warning C4018: '<': signed/unsigned mismatch
ObjReader.cpp(44): warning C4018: '<': signed/unsigned mismatch
ObjReader.cpp(46): warning C4018: '<': signed/unsigned mismatch
ObjReader.cpp(111): warning C4018: '<': signed/unsigned mismatch
ObjReader.cpp(235): warning C4018: '<': signed/unsigned mismatch
ObjReader.cpp(258): warning C4018: '<': signed/unsigned mismatch
  Point.cpp
  Polygon.cpp
c:\users\curtis\documents\visual studio 2015\projects\cgraphicslibrary\cgraphicslibrary\Window.h(3): fatal error C1083: Cannot open include file: 'SDL\SDL.h': No such file or directory
  Renderer.cpp
c:\users\curtis\documents\visual studio 2015\projects\cgraphicslibrary\cgraphicslibrary\Window.h(3): fatal error C1083: Cannot open include file: 'SDL\SDL.h': No such file or directory
  SimpIO.cpp
c:\users\curtis\documents\visual studio 2015\projects\cgraphicslibrary\cgraphicslibrary\Window.h(3): fatal error C1083: Cannot open include file: 'SDL\SDL.h': No such file or directory
  SimpReader.cpp
c:\users\curtis\documents\visual studio 2015\projects\cgraphicslibrary\cgraphicslibrary\Window.h(3): fatal error C1083: Cannot open include file: 'SDL\SDL.h': No such file or directory
  Source.cpp
Source.cpp(1): fatal error C1083: Cannot open include file: 'SDL/SDL.h': No such file or directory
  Stack.cpp
  utility.cpp
  vertex.cpp
  Window.cpp
c:\users\curtis\documents\visual studio 2015\projects\cgraphicslibrary\cgraphicslibrary\Window.h(3): fatal error C1083: Cannot open include file: 'SDL\SDL.h': No such file or directory
  zBuffer.cpp
