c:\users\curtis\documents\visual studio 2015\projects\cgraphicslibrary\cgraphicslibrary\debug\vc140.pdb
c:\users\curtis\documents\visual studio 2015\projects\cgraphicslibrary\cgraphicslibrary\debug\vc140.idb
c:\users\curtis\documents\visual studio 2015\projects\cgraphicslibrary\cgraphicslibrary\debug\camera.obj
c:\users\curtis\documents\visual studio 2015\projects\cgraphicslibrary\cgraphicslibrary\debug\clip.obj
c:\users\curtis\documents\visual studio 2015\projects\cgraphicslibrary\cgraphicslibrary\debug\dynamicarray.obj
c:\users\curtis\documents\visual studio 2015\projects\cgraphicslibrary\cgraphicslibrary\debug\frameratelimiter.obj
c:\users\curtis\documents\visual studio 2015\projects\cgraphicslibrary\cgraphicslibrary\debug\inputmanager.obj
c:\users\curtis\documents\visual studio 2015\projects\cgraphicslibrary\cgraphicslibrary\debug\lighting.obj
c:\users\curtis\documents\visual studio 2015\projects\cgraphicslibrary\cgraphicslibrary\debug\line.obj
c:\users\curtis\documents\visual studio 2015\projects\cgraphicslibrary\cgraphicslibrary\debug\main.obj
c:\users\curtis\documents\visual studio 2015\projects\cgraphicslibrary\cgraphicslibrary\debug\matrix.obj
c:\users\curtis\documents\visual studio 2015\projects\cgraphicslibrary\cgraphicslibrary\debug\objreader.obj
c:\users\curtis\documents\visual studio 2015\projects\cgraphicslibrary\cgraphicslibrary\debug\point.obj
c:\users\curtis\documents\visual studio 2015\projects\cgraphicslibrary\cgraphicslibrary\debug\polygon.obj
c:\users\curtis\documents\visual studio 2015\projects\cgraphicslibrary\cgraphicslibrary\debug\renderer.obj
c:\users\curtis\documents\visual studio 2015\projects\cgraphicslibrary\cgraphicslibrary\debug\simpio.obj
c:\users\curtis\documents\visual studio 2015\projects\cgraphicslibrary\cgraphicslibrary\debug\source.obj
c:\users\curtis\documents\visual studio 2015\projects\cgraphicslibrary\cgraphicslibrary\debug\stack.obj
c:\users\curtis\documents\visual studio 2015\projects\cgraphicslibrary\cgraphicslibrary\debug\utility.obj
c:\users\curtis\documents\visual studio 2015\projects\cgraphicslibrary\cgraphicslibrary\debug\vertex.obj
c:\users\curtis\documents\visual studio 2015\projects\cgraphicslibrary\cgraphicslibrary\debug\window.obj
c:\users\curtis\documents\visual studio 2015\projects\cgraphicslibrary\cgraphicslibrary\debug\zbuffer.obj
c:\users\curtis\documents\visual studio 2015\projects\cgraphicslibrary\debug\cgraphicslibrary.ilk
c:\users\curtis\documents\visual studio 2015\projects\cgraphicslibrary\debug\cgraphicslibrary.exe
c:\users\curtis\documents\visual studio 2015\projects\cgraphicslibrary\debug\cgraphicslibrary.pdb
c:\users\curtis\documents\visual studio 2015\projects\cgraphicslibrary\cgraphicslibrary\debug\cgraphicslibrary.res
c:\users\curtis\documents\visual studio 2015\projects\cgraphicslibrary\cgraphicslibrary\debug\cgraphicslibrary.tlog\cl.command.1.tlog
c:\users\curtis\documents\visual studio 2015\projects\cgraphicslibrary\cgraphicslibrary\debug\cgraphicslibrary.tlog\cl.read.1.tlog
c:\users\curtis\documents\visual studio 2015\projects\cgraphicslibrary\cgraphicslibrary\debug\cgraphicslibrary.tlog\cl.write.1.tlog
c:\users\curtis\documents\visual studio 2015\projects\cgraphicslibrary\cgraphicslibrary\debug\cgraphicslibrary.tlog\link.command.1.tlog
c:\users\curtis\documents\visual studio 2015\projects\cgraphicslibrary\cgraphicslibrary\debug\cgraphicslibrary.tlog\link.read.1.tlog
c:\users\curtis\documents\visual studio 2015\projects\cgraphicslibrary\cgraphicslibrary\debug\cgraphicslibrary.tlog\link.write.1.tlog
c:\users\curtis\documents\visual studio 2015\projects\cgraphicslibrary\cgraphicslibrary\debug\cgraphicslibrary.tlog\rc.command.1.tlog
c:\users\curtis\documents\visual studio 2015\projects\cgraphicslibrary\cgraphicslibrary\debug\cgraphicslibrary.tlog\rc.read.1.tlog
c:\users\curtis\documents\visual studio 2015\projects\cgraphicslibrary\cgraphicslibrary\debug\cgraphicslibrary.tlog\rc.write.1.tlog
