  zBuffer.cpp
  utility.cpp
  main.cpp
  Window.cpp
  Vertex.cpp
  Stack.cpp
  SimpIO.cpp
  Renderer.cpp
  Polygon.cpp
  ObjReader.cpp
  Matrix.cpp
  Line.cpp
  Lighting.cpp
  InputManager.cpp
  FrameRateLimiter.cpp
  DynamicArray.cpp
  Clip.cpp
  Camera.cpp
  Generating Code...
  LINK : C:\Users\Curtis\Documents\Visual Studio 2015\Projects\CGraphicsLibrary\Debug\CGraphicsLibrary.exe not found or not built by the last incremental link; performing full link
  CGraphicsLibrary.vcxproj -> C:\Users\Curtis\Documents\Visual Studio 2015\Projects\CGraphicsLibrary\Debug\CGraphicsLibrary.exe
  CGraphicsLibrary.vcxproj -> C:\Users\Curtis\Documents\Visual Studio 2015\Projects\CGraphicsLibrary\Debug\CGraphicsLibrary.pdb (Partial PDB)
